<?xml version="1.0" encoding="UTF-8"?>
<testng-results ignored="0" total="4" passed="4" failed="0" skipped="0">
  <reporter-output>
    <line>
      <![CDATA[*******Browser session ends*******]]>
    </line>
    <line>
      <![CDATA[*******Browser session ends*******]]>
    </line>
    <line>
      <![CDATA[*******Browser session ends*******]]>
    </line>
    <line>
      <![CDATA[*******Browser session ends*******]]>
    </line>
  </reporter-output>
  <suite started-at="2023-03-10T18:45:58 IST" name="All Test Suite" finished-at="2023-03-10T18:50:35 IST" duration-ms="277141">
    <groups>
    </groups>
    <test started-at="2023-03-10T18:45:58 IST" name="C:/Users/chetan bhagat/IdeaProjects/PageObjectModelInstagram" finished-at="2023-03-10T18:50:35 IST" duration-ms="277141">
      <class name="com.bridgelabz.test.InstagramTest">
        <test-method is-config="true" signature="initialization()[pri:0, instance:com.bridgelabz.test.InstagramTest@290222c1]" started-at="2023-03-10T18:45:58 IST" name="initialization" finished-at="2023-03-10T18:47:03 IST" duration-ms="64921" status="PASS">
          <reporter-output>
          </reporter-output>
        </test-method> <!-- initialization -->
        <test-method signature="redirectOnToTheSignUp()[pri:0, instance:com.bridgelabz.test.InstagramTest@290222c1]" started-at="2023-03-10T18:47:04 IST" name="redirectOnToTheSignUp" finished-at="2023-03-10T18:47:14 IST" duration-ms="9783" status="PASS">
          <reporter-output>
          </reporter-output>
        </test-method> <!-- redirectOnToTheSignUp -->
        <test-method is-config="true" signature="tearDown()[pri:0, instance:com.bridgelabz.test.InstagramTest@290222c1]" started-at="2023-03-10T18:47:14 IST" name="tearDown" finished-at="2023-03-10T18:47:15 IST" duration-ms="1164" status="PASS">
          <reporter-output>
            <line>
              <![CDATA[*******Browser session ends*******]]>
            </line>
          </reporter-output>
        </test-method> <!-- tearDown -->
        <test-method is-config="true" signature="initialization()[pri:0, instance:com.bridgelabz.test.InstagramTest@290222c1]" started-at="2023-03-10T18:47:15 IST" name="initialization" finished-at="2023-03-10T18:48:10 IST" duration-ms="55078" status="PASS">
          <reporter-output>
          </reporter-output>
        </test-method> <!-- initialization -->
        <test-method signature="insertTheDataIntoTheRegistrationForm()[pri:1, instance:com.bridgelabz.test.InstagramTest@290222c1]" started-at="2023-03-10T18:48:10 IST" name="insertTheDataIntoTheRegistrationForm" finished-at="2023-03-10T18:48:25 IST" duration-ms="15026" status="PASS">
          <reporter-output>
          </reporter-output>
        </test-method> <!-- insertTheDataIntoTheRegistrationForm -->
        <test-method is-config="true" signature="tearDown()[pri:0, instance:com.bridgelabz.test.InstagramTest@290222c1]" started-at="2023-03-10T18:48:25 IST" name="tearDown" finished-at="2023-03-10T18:48:27 IST" duration-ms="2236" status="PASS">
          <reporter-output>
            <line>
              <![CDATA[*******Browser session ends*******]]>
            </line>
          </reporter-output>
        </test-method> <!-- tearDown -->
        <test-method is-config="true" signature="initialization()[pri:0, instance:com.bridgelabz.test.InstagramTest@290222c1]" started-at="2023-03-10T18:48:32 IST" name="initialization" finished-at="2023-03-10T18:48:48 IST" duration-ms="16215" status="PASS">
          <reporter-output>
          </reporter-output>
        </test-method> <!-- initialization -->
        <test-method signature="loginInToTheInstagram(java.lang.String,java.lang.String)[pri:2, instance:com.bridgelabz.test.InstagramTest@290222c1]" started-at="2023-03-10T18:48:48 IST" name="loginInToTheInstagram" data-provider="testLoginData" finished-at="2023-03-10T18:49:02 IST" duration-ms="13600" status="PASS">
          <params>
            <param index="0">
              <value>
                <![CDATA[surabhi12345]]>
              </value>
            </param>
            <param index="1">
              <value>
                <![CDATA[Surabhi@123]]>
              </value>
            </param>
          </params>
          <reporter-output>
          </reporter-output>
        </test-method> <!-- loginInToTheInstagram -->
        <test-method is-config="true" signature="tearDown()[pri:0, instance:com.bridgelabz.test.InstagramTest@290222c1]" started-at="2023-03-10T18:49:02 IST" name="tearDown" finished-at="2023-03-10T18:49:04 IST" duration-ms="2204" status="PASS">
          <reporter-output>
            <line>
              <![CDATA[*******Browser session ends*******]]>
            </line>
          </reporter-output>
        </test-method> <!-- tearDown -->
        <test-method is-config="true" signature="initialization()[pri:0, instance:com.bridgelabz.test.InstagramTest@290222c1]" started-at="2023-03-10T18:49:04 IST" name="initialization" finished-at="2023-03-10T18:50:14 IST" duration-ms="70291" status="PASS">
          <reporter-output>
          </reporter-output>
        </test-method> <!-- initialization -->
        <test-method signature="loginInToTheInstagram(java.lang.String,java.lang.String)[pri:2, instance:com.bridgelabz.test.InstagramTest@290222c1]" started-at="2023-03-10T18:50:14 IST" name="loginInToTheInstagram" data-provider="testLoginData" finished-at="2023-03-10T18:50:34 IST" duration-ms="19669" status="PASS">
          <params>
            <param index="0">
              <value>
                <![CDATA[amruta12]]>
              </value>
            </param>
            <param index="1">
              <value>
                <![CDATA[Amruta@321]]>
              </value>
            </param>
          </params>
          <reporter-output>
          </reporter-output>
        </test-method> <!-- loginInToTheInstagram -->
        <test-method is-config="true" signature="tearDown()[pri:0, instance:com.bridgelabz.test.InstagramTest@290222c1]" started-at="2023-03-10T18:50:34 IST" name="tearDown" finished-at="2023-03-10T18:50:35 IST" duration-ms="868" status="PASS">
          <reporter-output>
            <line>
              <![CDATA[*******Browser session ends*******]]>
            </line>
          </reporter-output>
        </test-method> <!-- tearDown -->
      </class> <!-- com.bridgelabz.test.InstagramTest -->
    </test> <!-- C:/Users/chetan bhagat/IdeaProjects/PageObjectModelInstagram -->
  </suite> <!-- All Test Suite -->
</testng-results>
